生成启动时间为 2014/7/26 14:25:34。
     1>项目“C:\Users\rh_Jameson\Desktop\code\程序设计导引及在线实践\1_4.FileRW文件读写\FileRW\FileRW.vcxproj”在节点 2 上(build 个目标)。
     1>InitializeBuildStatus:
         正在创建“Debug\FileRW.unsuccessfulbuild”，因为已指定“AlwaysCreate”。
       ClCompile:
         d:\Program Files (x86)\Microsoft Visual Studio 10.0\VC\bin\CL.exe /c /ZI /nologo /W3 /WX- /Od /Oy- /D WIN32 /D _DEBUG /D _CONSOLE /D _UNICODE /D UNICODE /Gm /EHsc /RTC1 /MDd /GS /fp:precise /Zc:wchar_t /Zc:forScope /Fo"Debug\\" /Fd"Debug\vc100.pdb" /Gd /TP /analyze- /errorReport:prompt FileRW.cpp
         FileRW.cpp
     1>c:\users\rh_jameson\desktop\code\程序设计导引及在线实践\1_4.filerw文件读写\filerw\filerw.cpp(45): warning C4996: 'fopen': This function or variable may be unsafe. Consider using fopen_s instead. To disable deprecation, use _CRT_SECURE_NO_WARNINGS. See online help for details.
                 d:\program files (x86)\microsoft visual studio 10.0\vc\include\stdio.h(234) : 参见“fopen”的声明
     1>c:\users\rh_jameson\desktop\code\程序设计导引及在线实践\1_4.filerw文件读写\filerw\filerw.cpp(53): warning C4996: 'fscanf': This function or variable may be unsafe. Consider using fscanf_s instead. To disable deprecation, use _CRT_SECURE_NO_WARNINGS. See online help for details.
                 d:\program files (x86)\microsoft visual studio 10.0\vc\include\stdio.h(253) : 参见“fscanf”的声明
     1>c:\users\rh_jameson\desktop\code\程序设计导引及在线实践\1_4.filerw文件读写\filerw\filerw.cpp(69): warning C4996: 'fopen': This function or variable may be unsafe. Consider using fopen_s instead. To disable deprecation, use _CRT_SECURE_NO_WARNINGS. See online help for details.
                 d:\program files (x86)\microsoft visual studio 10.0\vc\include\stdio.h(234) : 参见“fopen”的声明
     1>c:\users\rh_jameson\desktop\code\程序设计导引及在线实践\1_4.filerw文件读写\filerw\filerw.cpp(82): warning C4996: 'fscanf': This function or variable may be unsafe. Consider using fscanf_s instead. To disable deprecation, use _CRT_SECURE_NO_WARNINGS. See online help for details.
                 d:\program files (x86)\microsoft visual studio 10.0\vc\include\stdio.h(253) : 参见“fscanf”的声明
     1>c:\users\rh_jameson\desktop\code\程序设计导引及在线实践\1_4.filerw文件读写\filerw\filerw.cpp(94): warning C4996: 'fopen': This function or variable may be unsafe. Consider using fopen_s instead. To disable deprecation, use _CRT_SECURE_NO_WARNINGS. See online help for details.
                 d:\program files (x86)\microsoft visual studio 10.0\vc\include\stdio.h(234) : 参见“fopen”的声明
     1>c:\users\rh_jameson\desktop\code\程序设计导引及在线实践\1_4.filerw文件读写\filerw\filerw.cpp(103): warning C4390: “;”: 找到空的受控语句；这是否是有意的?
     1>c:\users\rh_jameson\desktop\code\程序设计导引及在线实践\1_4.filerw文件读写\filerw\filerw.cpp(116): warning C4996: 'fopen': This function or variable may be unsafe. Consider using fopen_s instead. To disable deprecation, use _CRT_SECURE_NO_WARNINGS. See online help for details.
                 d:\program files (x86)\microsoft visual studio 10.0\vc\include\stdio.h(234) : 参见“fopen”的声明
     1>c:\users\rh_jameson\desktop\code\程序设计导引及在线实践\1_4.filerw文件读写\filerw\filerw.cpp(124): warning C4996: 'fopen': This function or variable may be unsafe. Consider using fopen_s instead. To disable deprecation, use _CRT_SECURE_NO_WARNINGS. See online help for details.
                 d:\program files (x86)\microsoft visual studio 10.0\vc\include\stdio.h(234) : 参见“fopen”的声明
       ManifestResourceCompile:
         所有输出均为最新。
       Link:
         d:\Program Files (x86)\Microsoft Visual Studio 10.0\VC\bin\link.exe /ERRORREPORT:PROMPT /OUT:"C:\Users\rh_Jameson\Desktop\code\程序设计导引及在线实践\1_4.FileRW文件读写\Debug\FileRW.exe" /INCREMENTAL /NOLOGO kernel32.lib user32.lib gdi32.lib winspool.lib comdlg32.lib advapi32.lib shell32.lib ole32.lib oleaut32.lib uuid.lib odbc32.lib odbccp32.lib /MANIFEST /ManifestFile:"Debug\FileRW.exe.intermediate.manifest" /MANIFESTUAC:"level='asInvoker' uiAccess='false'" /DEBUG /PDB:"C:\Users\rh_Jameson\Desktop\code\程序设计导引及在线实践\1_4.FileRW文件读写\Debug\FileRW.pdb" /SUBSYSTEM:CONSOLE /TLBID:1 /DYNAMICBASE /NXCOMPAT /IMPLIB:"C:\Users\rh_Jameson\Desktop\code\程序设计导引及在线实践\1_4.FileRW文件读写\Debug\FileRW.lib" /MACHINE:X86 Debug\FileRW.exe.embed.manifest.res
         Debug\FileRW.obj
       Manifest:
         C:\Program Files (x86)\Microsoft SDKs\Windows\v7.0A\bin\mt.exe /nologo /verbose /out:"Debug\FileRW.exe.embed.manifest" /manifest Debug\FileRW.exe.intermediate.manifest
         所有输出均为最新。
       LinkEmbedManifest:
         所有输出均为最新。
         FileRW.vcxproj -> C:\Users\rh_Jameson\Desktop\code\程序设计导引及在线实践\1_4.FileRW文件读写\Debug\FileRW.exe
       FinalizeBuildStatus:
         正在删除文件“Debug\FileRW.unsuccessfulbuild”。
         正在对“Debug\FileRW.lastbuildstate”执行 Touch 任务。
     1>已完成生成项目“C:\Users\rh_Jameson\Desktop\code\程序设计导引及在线实践\1_4.FileRW文件读写\FileRW\FileRW.vcxproj”(build 个目标)的操作。

生成成功。

已用时间 00:00:00.84
